<?xml version="1.0" encoding="UTF-8"?>
<!-- Generated by org.testng.reporters.JUnitXMLReporter -->
<testsuite hostname="TVMATP312510D" name="Default test" tests="3" failures="0" timestamp="22 Jul 2019 06:07:54 GMT" time="52.622" errors="0">
  <testcase name="loginPageTittleTest" time="9.285" classname="com.crm.testCase.LoginPageTest2"/>
  <testcase name="loginPageTittleTest" time="16.213" classname="com.crm.testCase.LoginPageTest2"/>
  <testcase name="loginPageTittleTest" time="18.806" classname="com.crm.testCase.LoginPageTest2"/>
</testsuite> <!-- Default test -->
